# JRE version: Java(TM) SE Runtime Environment (8.0_101-b13) (build 1.8.0_101-b13)
# Java VM: Java HotSpot(TM) 64-Bit Server VM (25.101-b13 mixed mode windows-amd64 compressed oops)
Heap:
 PSYoungGen      total 236544K, used 88764K [0x00000000e0000000, 0x00000000f0080000, 0x0000000100000000)
  eden space 214016K, 41% used [0x00000000e0000000,0x00000000e56af0a8,0x00000000ed100000)
  from space 22528K, 0% used [0x00000000ed100000,0x00000000ed100000,0x00000000ee700000)
  to   space 17920K, 0% used [0x00000000ee700000,0x00000000ee700000,0x00000000ef880000)
 ParOldGen       total 78848K, used 78842K [0x00000000a0000000, 0x00000000a4d00000, 0x00000000e0000000)
  object space 78848K, 99% used [0x00000000a0000000,0x00000000a4cfeb28,0x00000000a4d00000)
 Metaspace       used 65976K, capacity 67694K, committed 67800K, reserved 1107968K
  class space    used 8561K, capacity 8943K, committed 8960K, reserved 1048576K
GC Heap History (10 events):
Event: 115.803 GC heap before
{Heap before GC invocations=29 (full 4):
 PSYoungGen      total 236544K, used 22496K [0x00000000e0000000, 0x00000000f0080000, 0x0000000100000000)
  eden space 214016K, 0% used [0x00000000e0000000,0x00000000e0000000,0x00000000ed100000)
  from space 22528K, 99% used [0x00000000ed100000,0x00000000ee6f8068,0x00000000ee700000)
  to   space 17920K, 0% used [0x00000000ee700000,0x00000000ee700000,0x00000000ef880000)
 ParOldGen       total 78848K, used 76637K [0x00000000a0000000, 0x00000000a4d00000, 0x00000000e0000000)
  object space 78848K, 97% used [0x00000000a0000000,0x00000000a4ad7588,0x00000000a4d00000)
 Metaspace       used 65504K, capacity 67264K, committed 67544K, reserved 1107968K
  class space    used 8556K, capacity 8946K, committed 8960K, reserved 1048576K
Event: 117.230 GC heap after
Heap after GC invocations=29 (full 4):
 PSYoungGen      total 236544K, used 2520K [0x00000000e0000000, 0x00000000f0080000, 0x0000000100000000)
  eden space 214016K, 0% used [0x00000000e0000000,0x00000000e0000000,0x00000000ed100000)
  from space 22528K, 11% used [0x00000000ed100000,0x00000000ed3761d8,0x00000000ee700000)
  to   space 17920K, 0% used [0x00000000ee700000,0x00000000ee700000,0x00000000ef880000)
 ParOldGen       total 78848K, used 78618K [0x00000000a0000000, 0x00000000a4d00000, 0x00000000e0000000)
  object space 78848K, 99% used [0x00000000a0000000,0x00000000a4cc68b8,0x00000000a4d00000)
 Metaspace       used 65498K, capacity 67246K, committed 67544K, reserved 1107968K
  class space    used 8554K, capacity 8943K, committed 8960K, reserved 1048576K
}
Event: 120.112 GC heap before
{Heap before GC invocations=30 (full 5):
 PSYoungGen      total 236544K, used 216536K [0x00000000e0000000, 0x00000000f0080000, 0x0000000100000000)
  eden space 214016K, 100% used [0x00000000e0000000,0x00000000ed100000,0x00000000ed100000)
  from space 22528K, 11% used [0x00000000ed100000,0x00000000ed3761d8,0x00000000ee700000)
  to   space 17920K, 0% used [0x00000000ee700000,0x00000000ee700000,0x00000000ef880000)
 ParOldGen       total 78848K, used 78618K [0x00000000a0000000, 0x00000000a4d00000, 0x00000000e0000000)
  object space 78848K, 99% used [0x00000000a0000000,0x00000000a4cc68b8,0x00000000a4d00000)
 Metaspace       used 65845K, capacity 67566K, committed 67800K, reserved 1107968K
  class space    used 8559K, capacity 8943K, committed 8960K, reserved 1048576K
Event: 120.915 GC heap after
Heap after GC invocations=30 (full 5):
 PSYoungGen      total 236544K, used 1351K [0x00000000e0000000, 0x00000000f0080000, 0x0000000100000000)
  eden space 214016K, 0% used [0x00000000e0000000,0x00000000e0151fa8,0x00000000ed100000)
  from space 22528K, 0% used [0x00000000ed100000,0x00000000ed100000,0x00000000ee700000)
  to   space 17920K, 0% used [0x00000000ee700000,0x00000000ee700000,0x00000000ef880000)
 ParOldGen       total 78848K, used 78829K [0x00000000a0000000, 0x00000000a4d00000, 0x00000000e0000000)
  object space 78848K, 99% used [0x00000000a0000000,0x00000000a4cfb5e0,0x00000000a4d00000)
 Metaspace       used 65845K, capacity 67566K, committed 67800K, reserved 1107968K
  class space    used 8559K, capacity 8943K, committed 8960K, reserved 1048576K
}
Event: 123.392 GC heap before
{Heap before GC invocations=31 (full 6):
 PSYoungGen      total 236544K, used 214016K [0x00000000e0000000, 0x00000000f0080000, 0x0000000100000000)
  eden space 214016K, 100% used [0x00000000e0000000,0x00000000ed100000,0x00000000ed100000)
  from space 22528K, 0% used [0x00000000ed100000,0x00000000ed100000,0x00000000ee700000)
  to   space 17920K, 0% used [0x00000000ee700000,0x00000000ee700000,0x00000000ef880000)
 ParOldGen       total 78848K, used 78829K [0x00000000a0000000, 0x00000000a4d00000, 0x00000000e0000000)
  object space 78848K, 99% used [0x00000000a0000000,0x00000000a4cfb5e0,0x00000000a4d00000)
 Metaspace       used 65905K, capacity 67630K, committed 67800K, reserved 1107968K
  class space    used 8559K, capacity 8943K, committed 8960K, reserved 1048576K
Event: 124.194 GC heap after
Heap after GC invocations=31 (full 6):
 PSYoungGen      total 236544K, used 0K [0x00000000e0000000, 0x00000000f0080000, 0x0000000100000000)
  eden space 214016K, 0% used [0x00000000e0000000,0x00000000e0000000,0x00000000ed100000)
  from space 22528K, 0% used [0x00000000ed100000,0x00000000ed100000,0x00000000ee700000)
  to   space 17920K, 0% used [0x00000000ee700000,0x00000000ee700000,0x00000000ef880000)
 ParOldGen       total 78848K, used 76631K [0x00000000a0000000, 0x00000000a4d00000, 0x00000000e0000000)
  object space 78848K, 97% used [0x00000000a0000000,0x00000000a4ad5c10,0x00000000a4d00000)
 Metaspace       used 65905K, capacity 67630K, committed 67800K, reserved 1107968K
  class space    used 8559K, capacity 8943K, committed 8960K, reserved 1048576K
}
Event: 126.189 GC heap before
{Heap before GC invocations=32 (full 7):
 PSYoungGen      total 236544K, used 214016K [0x00000000e0000000, 0x00000000f0080000, 0x0000000100000000)
  eden space 214016K, 100% used [0x00000000e0000000,0x00000000ed100000,0x00000000ed100000)
  from space 22528K, 0% used [0x00000000ed100000,0x00000000ed100000,0x00000000ee700000)
  to   space 17920K, 0% used [0x00000000ee700000,0x00000000ee700000,0x00000000ef880000)
 ParOldGen       total 78848K, used 76631K [0x00000000a0000000, 0x00000000a4d00000, 0x00000000e0000000)
  object space 78848K, 97% used [0x00000000a0000000,0x00000000a4ad5c10,0x00000000a4d00000)
 Metaspace       used 65950K, capacity 67694K, committed 67800K, reserved 1107968K
  class space    used 8561K, capacity 8943K, committed 8960K, reserved 1048576K
Event: 127.315 GC heap after
Heap after GC invocations=32 (full 7):
 PSYoungGen      total 236544K, used 24792K [0x00000000e0000000, 0x00000000f0080000, 0x0000000100000000)
  eden space 214016K, 11% used [0x00000000e0000000,0x00000000e1836378,0x00000000ed100000)
  from space 22528K, 0% used [0x00000000ed100000,0x00000000ed100000,0x00000000ee700000)
  to   space 17920K, 0% used [0x00000000ee700000,0x00000000ee700000,0x00000000ef880000)
 ParOldGen       total 78848K, used 78709K [0x00000000a0000000, 0x00000000a4d00000, 0x00000000e0000000)
  object space 78848K, 99% used [0x00000000a0000000,0x00000000a4cdd648,0x00000000a4d00000)
 Metaspace       used 65950K, capacity 67694K, committed 67800K, reserved 1107968K
  class space    used 8561K, capacity 8943K, committed 8960K, reserved 1048576K
}
Event: 128.968 GC heap before
{Heap before GC invocations=33 (full 8):
 PSYoungGen      total 236544K, used 214016K [0x00000000e0000000, 0x00000000f0080000, 0x0000000100000000)
  eden space 214016K, 100% used [0x00000000e0000000,0x00000000ed100000,0x00000000ed100000)
  from space 22528K, 0% used [0x00000000ed100000,0x00000000ed100000,0x00000000ee700000)
  to   space 17920K, 0% used [0x00000000ee700000,0x00000000ee700000,0x00000000ef880000)
 ParOldGen       total 78848K, used 78709K [0x00000000a0000000, 0x00000000a4d00000, 0x00000000e0000000)
  object space 78848K, 99% used [0x00000000a0000000,0x00000000a4cdd648,0x00000000a4d00000)
 Metaspace       used 65976K, capacity 67694K, committed 67800K, reserved 1107968K
  class space    used 8561K, capacity 8943K, committed 8960K, reserved 1048576K
Event: 130.035 GC heap after
Heap after GC invocations=33 (full 8):
 PSYoungGen      total 236544K, used 31440K [0x00000000e0000000, 0x00000000f0080000, 0x0000000100000000)
  eden space 214016K, 14% used [0x00000000e0000000,0x00000000e1eb4310,0x00000000ed100000)
  from space 22528K, 0% used [0x00000000ed100000,0x00000000ed100000,0x00000000ee700000)
  to   space 17920K, 0% used [0x00000000ee700000,0x00000000ee700000,0x00000000ef880000)
 ParOldGen       total 78848K, used 78842K [0x00000000a0000000, 0x00000000a4d00000, 0x00000000e0000000)
  object space 78848K, 99% used [0x00000000a0000000,0x00000000a4cfeb28,0x00000000a4d00000)
 Metaspace       used 65976K, capacity 67694K, committed 67800K, reserved 1107968K
  class space    used 8561K, capacity 8943K, committed 8960K, reserved 1048576K
}

