# JRE version: Java(TM) SE Runtime Environment (8.0_101-b13) (build 1.8.0_101-b13)
# Java VM: Java HotSpot(TM) 64-Bit Server VM (25.101-b13 mixed mode windows-amd64 compressed oops)
Heap:
 PSYoungGen      total 114688K, used 55738K [0x00000000e0000000, 0x00000000e7f00000, 0x0000000100000000)
  eden space 101888K, 43% used [0x00000000e0000000,0x00000000e2b29490,0x00000000e6380000)
  from space 12800K, 90% used [0x00000000e7100000,0x00000000e7c45480,0x00000000e7d80000)
  to   space 13824K, 0% used [0x00000000e6380000,0x00000000e6380000,0x00000000e7100000)
 ParOldGen       total 110080K, used 53577K [0x00000000a0000000, 0x00000000a6b80000, 0x00000000e0000000)
  object space 110080K, 48% used [0x00000000a0000000,0x00000000a3452608,0x00000000a6b80000)
 Metaspace       used 60702K, capacity 63070K, committed 63232K, reserved 1103872K
  class space    used 8207K, capacity 8698K, committed 8704K, reserved 1048576K
GC Heap History (10 events):
Event: 102.282 GC heap before
{Heap before GC invocations=30 (full 4):
 PSYoungGen      total 96256K, used 8992K [0x00000000e0000000, 0x00000000e7000000, 0x0000000100000000)
  eden space 87040K, 0% used [0x00000000e0000000,0x00000000e0000000,0x00000000e5500000)
  from space 9216K, 97% used [0x00000000e6700000,0x00000000e6fc81e0,0x00000000e7000000)
  to   space 13824K, 0% used [0x00000000e5500000,0x00000000e5500000,0x00000000e6280000)
 ParOldGen       total 53760K, used 46047K [0x00000000a0000000, 0x00000000a3480000, 0x00000000e0000000)
  object space 53760K, 85% used [0x00000000a0000000,0x00000000a2cf7fa8,0x00000000a3480000)
 Metaspace       used 55891K, capacity 58066K, committed 58368K, reserved 1099776K
  class space    used 7693K, capacity 8150K, committed 8192K, reserved 1048576K
Event: 103.088 GC heap after
Heap after GC invocations=30 (full 4):
 PSYoungGen      total 96256K, used 250K [0x00000000e0000000, 0x00000000e7000000, 0x0000000100000000)
  eden space 87040K, 0% used [0x00000000e0000000,0x00000000e0000000,0x00000000e5500000)
  from space 9216K, 2% used [0x00000000e6700000,0x00000000e673ea28,0x00000000e7000000)
  to   space 13824K, 0% used [0x00000000e5500000,0x00000000e5500000,0x00000000e6280000)
 ParOldGen       total 110080K, used 53545K [0x00000000a0000000, 0x00000000a6b80000, 0x00000000e0000000)
  object space 110080K, 48% used [0x00000000a0000000,0x00000000a344a608,0x00000000a6b80000)
 Metaspace       used 55887K, capacity 58054K, committed 58368K, reserved 1099776K
  class space    used 7692K, capacity 8148K, committed 8192K, reserved 1048576K
}
Event: 122.498 GC heap before
{Heap before GC invocations=31 (full 4):
 PSYoungGen      total 96256K, used 87290K [0x00000000e0000000, 0x00000000e7000000, 0x0000000100000000)
  eden space 87040K, 100% used [0x00000000e0000000,0x00000000e5500000,0x00000000e5500000)
  from space 9216K, 2% used [0x00000000e6700000,0x00000000e673ea28,0x00000000e7000000)
  to   space 13824K, 0% used [0x00000000e5500000,0x00000000e5500000,0x00000000e6280000)
 ParOldGen       total 110080K, used 53545K [0x00000000a0000000, 0x00000000a6b80000, 0x00000000e0000000)
  object space 110080K, 48% used [0x00000000a0000000,0x00000000a344a608,0x00000000a6b80000)
 Metaspace       used 57892K, capacity 60082K, committed 60416K, reserved 1101824K
  class space    used 7899K, capacity 8374K, committed 8448K, reserved 1048576K
Event: 122.531 GC heap after
Heap after GC invocations=31 (full 4):
 PSYoungGen      total 100864K, used 4176K [0x00000000e0000000, 0x00000000e7980000, 0x0000000100000000)
  eden space 87040K, 0% used [0x00000000e0000000,0x00000000e0000000,0x00000000e5500000)
  from space 13824K, 30% used [0x00000000e5500000,0x00000000e5914010,0x00000000e6280000)
  to   space 13824K, 0% used [0x00000000e6c00000,0x00000000e6c00000,0x00000000e7980000)
 ParOldGen       total 110080K, used 53553K [0x00000000a0000000, 0x00000000a6b80000, 0x00000000e0000000)
  object space 110080K, 48% used [0x00000000a0000000,0x00000000a344c608,0x00000000a6b80000)
 Metaspace       used 57892K, capacity 60082K, committed 60416K, reserved 1101824K
  class space    used 7899K, capacity 8374K, committed 8448K, reserved 1048576K
}
Event: 141.233 GC heap before
{Heap before GC invocations=32 (full 4):
 PSYoungGen      total 100864K, used 91216K [0x00000000e0000000, 0x00000000e7980000, 0x0000000100000000)
  eden space 87040K, 100% used [0x00000000e0000000,0x00000000e5500000,0x00000000e5500000)
  from space 13824K, 30% used [0x00000000e5500000,0x00000000e5914010,0x00000000e6280000)
  to   space 13824K, 0% used [0x00000000e6c00000,0x00000000e6c00000,0x00000000e7980000)
 ParOldGen       total 110080K, used 53553K [0x00000000a0000000, 0x00000000a6b80000, 0x00000000e0000000)
  object space 110080K, 48% used [0x00000000a0000000,0x00000000a344c608,0x00000000a6b80000)
 Metaspace       used 58942K, capacity 61094K, committed 61312K, reserved 1101824K
  class space    used 8041K, capacity 8512K, committed 8576K, reserved 1048576K
Event: 141.247 GC heap after
Heap after GC invocations=32 (full 4):
 PSYoungGen      total 106496K, used 5850K [0x00000000e0000000, 0x00000000e7700000, 0x0000000100000000)
  eden space 95232K, 0% used [0x00000000e0000000,0x00000000e0000000,0x00000000e5d00000)
  from space 11264K, 51% used [0x00000000e6c00000,0x00000000e71b6ba0,0x00000000e7700000)
  to   space 13312K, 0% used [0x00000000e5d00000,0x00000000e5d00000,0x00000000e6a00000)
 ParOldGen       total 110080K, used 53561K [0x00000000a0000000, 0x00000000a6b80000, 0x00000000e0000000)
  object space 110080K, 48% used [0x00000000a0000000,0x00000000a344e608,0x00000000a6b80000)
 Metaspace       used 58942K, capacity 61094K, committed 61312K, reserved 1101824K
  class space    used 8041K, capacity 8512K, committed 8576K, reserved 1048576K
}
Event: 298.890 GC heap before
{Heap before GC invocations=33 (full 4):
 PSYoungGen      total 106496K, used 101082K [0x00000000e0000000, 0x00000000e7700000, 0x0000000100000000)
  eden space 95232K, 100% used [0x00000000e0000000,0x00000000e5d00000,0x00000000e5d00000)
  from space 11264K, 51% used [0x00000000e6c00000,0x00000000e71b6ba0,0x00000000e7700000)
  to   space 13312K, 0% used [0x00000000e5d00000,0x00000000e5d00000,0x00000000e6a00000)
 ParOldGen       total 110080K, used 53561K [0x00000000a0000000, 0x00000000a6b80000, 0x00000000e0000000)
  object space 110080K, 48% used [0x00000000a0000000,0x00000000a344e608,0x00000000a6b80000)
 Metaspace       used 59833K, capacity 62084K, committed 62208K, reserved 1103872K
  class space    used 8137K, capacity 8633K, committed 8704K, reserved 1048576K
Event: 299.056 GC heap after
Heap after GC invocations=33 (full 4):
 PSYoungGen      total 108544K, used 5237K [0x00000000e0000000, 0x00000000e7d80000, 0x0000000100000000)
  eden space 95232K, 0% used [0x00000000e0000000,0x00000000e0000000,0x00000000e5d00000)
  from space 13312K, 39% used [0x00000000e5d00000,0x00000000e621d558,0x00000000e6a00000)
  to   space 12800K, 0% used [0x00000000e7100000,0x00000000e7100000,0x00000000e7d80000)
 ParOldGen       total 110080K, used 53569K [0x00000000a0000000, 0x00000000a6b80000, 0x00000000e0000000)
  object space 110080K, 48% used [0x00000000a0000000,0x00000000a3450608,0x00000000a6b80000)
 Metaspace       used 59833K, capacity 62084K, committed 62208K, reserved 1103872K
  class space    used 8137K, capacity 8633K, committed 8704K, reserved 1048576K
}
Event: 312.304 GC heap before
{Heap before GC invocations=34 (full 4):
 PSYoungGen      total 108544K, used 100469K [0x00000000e0000000, 0x00000000e7d80000, 0x0000000100000000)
  eden space 95232K, 100% used [0x00000000e0000000,0x00000000e5d00000,0x00000000e5d00000)
  from space 13312K, 39% used [0x00000000e5d00000,0x00000000e621d558,0x00000000e6a00000)
  to   space 12800K, 0% used [0x00000000e7100000,0x00000000e7100000,0x00000000e7d80000)
 ParOldGen       total 110080K, used 53569K [0x00000000a0000000, 0x00000000a6b80000, 0x00000000e0000000)
  object space 110080K, 48% used [0x00000000a0000000,0x00000000a3450608,0x00000000a6b80000)
 Metaspace       used 60607K, capacity 62942K, committed 62976K, reserved 1103872K
  class space    used 8207K, capacity 8698K, committed 8704K, reserved 1048576K
Event: 312.343 GC heap after
Heap after GC invocations=34 (full 4):
 PSYoungGen      total 114688K, used 11541K [0x00000000e0000000, 0x00000000e7f00000, 0x0000000100000000)
  eden space 101888K, 0% used [0x00000000e0000000,0x00000000e0000000,0x00000000e6380000)
  from space 12800K, 90% used [0x00000000e7100000,0x00000000e7c45480,0x00000000e7d80000)
  to   space 13824K, 0% used [0x00000000e6380000,0x00000000e6380000,0x00000000e7100000)
 ParOldGen       total 110080K, used 53577K [0x00000000a0000000, 0x00000000a6b80000, 0x00000000e0000000)
  object space 110080K, 48% used [0x00000000a0000000,0x00000000a3452608,0x00000000a6b80000)
 Metaspace       used 60607K, capacity 62942K, committed 62976K, reserved 1103872K
  class space    used 8207K, capacity 8698K, committed 8704K, reserved 1048576K
}

